2015-Jan-08 11:25:31 INFO  NewFile:41 - #          Start        #
2015-Jan-08 11:25:31 INFO  Executer:11 - Starting Execution
2015-Jan-08 11:25:31 INFO  Executer:11 - Starting Execution
2015-Jan-08 11:25:31 INFO  Executer:11 - Starting Execution
2015-Jan-08 11:41:53 INFO  NewFile:41 - #          Start        #
2015-Jan-08 11:41:53 INFO  NewFile:109 - Into Read Excel
2015-Jan-08 11:41:53 INFO  Executer:11 - Starting Execution
2015-Jan-08 11:41:53 INFO  Executer:11 - Starting Execution
2015-Jan-08 11:41:53 INFO  Executer:11 - Starting Execution
2015-Jan-08 11:44:09 INFO  NewFile:41 - #          Start        #
2015-Jan-08 11:44:09 INFO  NewFile:109 - Into Read Excel
2015-Jan-08 11:44:09 INFO  Executer:11 - Starting Executionof the test case -  1
2015-Jan-08 11:44:09 INFO  Executer:11 - Starting Executionof the test case -  2
2015-Jan-08 11:44:09 INFO  Executer:11 - Starting Executionof the test case -  3
2015-Jan-08 17:55:58 INFO  NewFile:44 - #          Start        #
2015-Jan-08 17:55:58 INFO  NewFile:114 - Into Read Excel
2015-Jan-08 17:55:58 INFO  Executer:11 - Starting Executionof the test case -  1
2015-Jan-08 17:55:58 INFO  Executer:11 - Starting Executionof the test case -  2
2015-Jan-08 17:55:58 INFO  Executer:11 - Starting Executionof the test case -  3
2015-Jan-08 17:59:49 INFO  NewFile:46 - #          Start        #
2015-Jan-08 17:59:49 INFO  NewFile:117 - Into Read Excel
2015-Jan-08 17:59:49 INFO  Executer:11 - Starting Executionof the test case -  1
2015-Jan-08 17:59:49 INFO  Executer:11 - Starting Executionof the test case -  2
2015-Jan-08 17:59:49 INFO  Executer:11 - Starting Executionof the test case -  3
2015-Jan-09 13:12:37 INFO  NewFile:46 - #          Start        #
2015-Jan-09 13:12:37 INFO  NewFile:117 - Into Read Excel
2015-Jan-09 13:12:38 INFO  Executer:11 - Starting Executionof the test case -  1
2015-Jan-09 13:12:38 INFO  Executer:11 - Starting Executionof the test case -  2
2015-Jan-09 13:12:38 INFO  Executer:11 - Starting Executionof the test case -  3
2015-Jan-09 13:14:34 INFO  NewFile:46 - #          Start        #
2015-Jan-09 13:14:34 INFO  NewFile:117 - Into Read Excel
2015-Jan-09 13:14:34 INFO  Executer:11 - Starting Executionof the test case -  1
2015-Jan-09 13:14:34 INFO  Executer:11 - Starting Executionof the test case -  2
2015-Jan-09 13:14:34 INFO  Executer:11 - Starting Executionof the test case -  3
2015-Jan-09 13:16:10 INFO  NewFile:46 - #          Start        #
2015-Jan-09 13:16:10 INFO  NewFile:117 - Into Read Excel
2015-Jan-09 13:16:11 INFO  Executer:11 - Starting Executionof the test case -  1
2015-Jan-09 13:16:11 INFO  Executer:11 - Starting Executionof the test case -  2
2015-Jan-09 13:16:11 INFO  Executer:11 - Starting Executionof the test case -  3
2015-Jan-09 13:18:19 INFO  NewFile:46 - #          Start        #
2015-Jan-09 13:18:19 INFO  NewFile:117 - Into Read Excel
2015-Jan-09 13:18:19 INFO  Executer:11 - Starting Executionof the test case -  1
2015-Jan-09 13:18:19 INFO  Executer:11 - Starting Executionof the test case -  2
2015-Jan-09 13:18:19 INFO  Executer:11 - Starting Executionof the test case -  3
2015-Jan-09 13:21:11 INFO  NewFile:46 - #          Start        #
2015-Jan-09 13:21:11 INFO  NewFile:117 - Into Read Excel
2015-Jan-09 13:21:11 INFO  Executer:11 - Starting Executionof the test case -  1
2015-Jan-09 13:21:11 INFO  Executer:11 - Starting Executionof the test case -  2
2015-Jan-09 13:21:11 INFO  Executer:11 - Starting Executionof the test case -  3
2015-Jan-09 13:21:26 INFO  Homepage:39 - Login Box - Login
Email
Password
  Forgot your password?
Don't have an account? Create One!
Sign in with
2015-Jan-09 13:28:56 INFO  NewFile:46 - #          Start        #
2015-Jan-09 13:28:56 INFO  NewFile:117 - Into Read Excel
2015-Jan-09 13:28:56 INFO  Executer:11 - Starting Executionof the test case -  1
2015-Jan-09 13:28:56 INFO  Executer:11 - Starting Executionof the test case -  2
2015-Jan-09 13:28:56 INFO  Executer:11 - Starting Executionof the test case -  3
2015-Jan-09 13:29:13 INFO  Homepage:39 - Login Box - Login
Signup
Email
Password
  Forgot your password?
Sign in with
2015-Jan-09 13:29:18 ERROR Login:35 - Email/Password combination is wrong.
2015-Jan-09 14:00:53 INFO  NewFile:48 - #          Start        #
2015-Jan-09 14:00:53 INFO  NewFile:117 - Into Read Excel
2015-Jan-09 14:00:53 ERROR NewFile:174 - Driver Excel Not found, Please check
2015-Jan-09 14:03:05 INFO  NewFile:48 - #          Start        #
2015-Jan-09 14:03:05 INFO  NewFile:117 - Into Read Excel
2015-Jan-09 14:03:05 ERROR NewFile:174 - Driver Excel Not found, Please check
2015-Jan-09 14:04:24 INFO  NewFile:48 - #          Start        #
2015-Jan-09 14:04:24 INFO  NewFile:117 - Into Read Excel
2015-Jan-09 14:04:24 ERROR NewFile:174 - Driver Excel Not found, Please check
2015-Jan-09 17:52:42 INFO  NewFile:48 - #          Start        #
2015-Jan-09 17:52:42 INFO  NewFile:117 - Into Read Excel
2015-Jan-09 17:52:43 INFO  Modules:26 - Starting Execution of the test case -  1
2015-Jan-12 12:56:06 INFO  NewFile:48 - #          Start        #
2015-Jan-12 12:56:06 INFO  NewFile:112 - Into Read Excel
2015-Jan-12 12:56:06 INFO  Modules:26 - Starting Execution of the test case -  1
2015-Jan-12 13:03:24 INFO  NewFile:48 - #          Start        #
2015-Jan-12 13:03:24 INFO  NewFile:112 - Into Read Excel
2015-Jan-12 13:03:24 INFO  Modules:26 - Starting Execution of the test case -  1
2015-Jan-12 13:03:43 INFO  Homepage:39 - Login Box - Login
Email
Password
  Forgot your password?
Don't have an account? Create One!
Sign in with
2015-Jan-12 13:03:47 ERROR Login:35 - Email/Password combination is wrong.
2015-Jan-12 13:03:49 INFO  Modules:26 - Starting Execution of the test case -  2
2015-Jan-12 13:03:49 ERROR Modules:41 - TC Flow excel not found
2015-Jan-12 13:03:52 INFO  Modules:26 - Starting Execution of the test case -  3
2015-Jan-12 13:03:52 ERROR Modules:41 - TC Flow excel not found
2015-Jan-12 14:17:34 INFO  NewFile:48 - ################        Start of Suite run       ############
2015-Jan-12 14:17:34 INFO  NewFile:117 - Reading Driver Sheet
2015-Jan-12 14:17:34 INFO  NewFile:152 - Execution Starting for test cases 1
2015-Jan-12 14:17:34 INFO  Modules:25 - Starting Execution of the test case -  1
2015-Jan-12 14:17:37 INFO  Login:16 - Executing Login
2015-Jan-12 14:17:48 INFO  Homepage:39 - Login Box - Login
Signup
Email
Password
  Forgot your password?
Sign in with
2015-Jan-12 14:17:57 ERROR Login:33 - Email/Password combination is wrong.
2015-Jan-12 14:17:58 INFO  NewFile:152 - Execution Starting for test cases 2
2015-Jan-12 14:17:58 INFO  Modules:25 - Starting Execution of the test case -  2
2015-Jan-12 14:17:58 ERROR Modules:40 - TC Flow excel for test case 2 not found
2015-Jan-12 14:17:58 INFO  NewFile:152 - Execution Starting for test cases 3
2015-Jan-12 14:17:58 INFO  Modules:25 - Starting Execution of the test case -  3
2015-Jan-12 14:17:58 ERROR Modules:40 - TC Flow excel for test case 3 not found
2015-Jan-12 14:25:37 INFO  NewFile:48 - ################        Start of Suite run       ############
2015-Jan-12 14:25:37 INFO  NewFile:117 - Reading Driver Sheet
2015-Jan-12 14:25:37 INFO  NewFile:152 - Execution Starting for test cases 1
2015-Jan-12 14:25:37 INFO  Modules:25 - Starting Execution of the test case -  1
2015-Jan-12 14:25:41 INFO  Login:16 - Executing Login
2015-Jan-12 14:25:56 INFO  Homepage:39 - Login Box - Login
Email
Password
  Forgot your password?
Don't have an account? Create One!
Sign in with
2015-Jan-12 14:26:01 ERROR Login:33 - Email/Password combination is wrong.
2015-Jan-12 14:26:02 INFO  NewFile:152 - Execution Starting for test cases 2
2015-Jan-12 14:26:02 INFO  Modules:25 - Starting Execution of the test case -  2
2015-Jan-12 14:26:02 ERROR Modules:40 - TC Flow excel for test case 2 not found
2015-Jan-12 14:26:02 INFO  NewFile:152 - Execution Starting for test cases 3
2015-Jan-12 14:26:02 INFO  Modules:25 - Starting Execution of the test case -  3
2015-Jan-12 14:26:02 ERROR Modules:40 - TC Flow excel for test case 3 not found
2015-Jan-12 14:41:39 INFO  NewFile:48 - ################        Start of Suite run       ############
2015-Jan-12 14:41:39 INFO  NewFile:117 - Reading Driver Sheet
2015-Jan-12 14:41:40 INFO  Modules:25 - Starting Execution of the test case -  1
2015-Jan-12 14:41:44 INFO  Login:16 - Executing Login
2015-Jan-12 14:42:00 INFO  Homepage:39 - Login Box - Login
Signup
Email
Password
  Forgot your password?
Sign in with
2015-Jan-12 14:42:06 ERROR Login:33 - Email/Password combination is wrong.
2015-Jan-12 14:42:07 INFO  Modules:62 - 1 Execution Complete
2015-Jan-12 14:42:07 INFO  Modules:25 - Starting Execution of the test case -  2
2015-Jan-12 14:42:07 ERROR Modules:40 - TC Flow excel for test case 2 not found
2015-Jan-12 14:42:07 INFO  Modules:25 - Starting Execution of the test case -  3
2015-Jan-12 14:42:07 ERROR Modules:40 - TC Flow excel for test case 3 not found
2015-Jan-12 14:46:25 INFO  NewFile:48 - ################        Start of Suite run       ############
2015-Jan-12 14:46:25 INFO  NewFile:117 - Reading Driver Sheet
2015-Jan-12 14:46:25 INFO  Modules:25 - Starting Execution of the test case -  1
2015-Jan-12 14:46:29 INFO  Login:16 - Executing Login
2015-Jan-12 14:46:43 INFO  Homepage:39 - Login Box - Login
Email
Password
  Forgot your password?
Don't have an account? Create One!
Sign in with
2015-Jan-12 14:46:55 ERROR Login:33 - Email/Password combination is wrong.
2015-Jan-12 14:46:57 INFO  Modules:62 - 1 Execution Complete
2015-Jan-12 14:46:57 INFO  Modules:25 - Starting Execution of the test case -  2
2015-Jan-12 14:46:57 ERROR Modules:40 - TC Flow excel for test case 2 not found
2015-Jan-12 14:52:59 INFO  NewFile:48 - ################        Start of Suite run       ############
2015-Jan-12 14:52:59 INFO  NewFile:117 - Reading Driver Sheet
2015-Jan-12 14:52:59 INFO  Modules:25 - Starting Execution of the test case -  1
2015-Jan-12 14:53:03 INFO  Login:16 - Executing Login
2015-Jan-12 14:53:22 INFO  Homepage:39 - Login Box - Login
Signup
Email
Password
  Forgot your password?
Sign in with
2015-Jan-12 14:53:26 ERROR Login:33 - Email/Password combination is wrong.
2015-Jan-12 14:53:27 INFO  Verify:10 - Executing Verify
2015-Jan-12 15:01:14 INFO  NewFile:48 - ################        Start of Suite run       ############
2015-Jan-12 15:01:14 INFO  NewFile:117 - Reading Driver Sheet
2015-Jan-12 15:01:14 INFO  Modules:25 - Starting Execution of the test case -  1
2015-Jan-12 15:01:18 INFO  Login:16 - Executing Login
2015-Jan-12 15:01:28 ERROR Login:41 - Some error occured
2015-Jan-12 15:01:28 INFO  Verify:10 - Executing Verify
2015-Jan-12 15:01:28 INFO  Verify:11 - Title Online Shopping India - Shop Online for Books, Mobile Phones, Digital Cameras, Watches & More at Flipkart.com
2015-Jan-12 15:01:28 INFO  Modules:62 - 1 Execution Complete
2015-Jan-12 15:01:28 INFO  Modules:25 - Starting Execution of the test case -  2
2015-Jan-12 15:01:28 ERROR Modules:40 - TC Flow excel for test case 2 not found
2015-Jan-12 15:09:19 INFO  NewFile:48 - ################        Start of Suite run       ############
2015-Jan-12 15:09:19 INFO  NewFile:117 - Reading Driver Sheet
2015-Jan-12 15:09:19 INFO  Modules:25 - Starting Execution of the test case -  1
2015-Jan-12 15:09:23 INFO  Login:16 - Executing Login
2015-Jan-12 15:09:39 ERROR Login:33 - Email/Password combination is wrong.
2015-Jan-12 15:09:39 INFO  Verify:10 - Executing Verify
2015-Jan-12 15:09:39 INFO  Verify:11 - Title Online Shopping India - Shop Online for Books, Mobile Phones, Digital Cameras, Watches & More at Flipkart.com
2015-Jan-12 15:09:39 INFO  Modules:62 - 1 Execution Complete
2015-Jan-12 15:09:40 INFO  Modules:25 - Starting Execution of the test case -  2
2015-Jan-12 15:09:40 ERROR Modules:40 - TC Flow excel for test case 2 not found
2015-Jan-12 17:13:04 INFO  NewFile:49 - ################        Start of Suite run       ############
2015-Jan-12 17:13:04 INFO  NewFile:118 - Reading Driver Sheet
2015-Jan-12 17:13:04 INFO  Modules:25 - Starting Execution of the test case -  1
2015-Jan-12 17:13:08 INFO  Login:17 - Executing Login
2015-Jan-12 17:13:30 ERROR Login:34 - Email/Password combination is wrong.
2015-Jan-12 17:13:30 INFO  Modules:62 - Writing status against module
2015-Jan-12 17:15:15 INFO  NewFile:49 - ################        Start of Suite run       ############
2015-Jan-12 17:15:15 INFO  NewFile:118 - Reading Driver Sheet
2015-Jan-12 17:15:15 INFO  Modules:25 - Starting Execution of the test case -  1
2015-Jan-12 17:15:19 INFO  Login:17 - Executing Login
2015-Jan-12 17:15:33 ERROR Login:34 - Email/Password combination is wrong.
2015-Jan-12 17:15:33 INFO  Modules:62 - Writing status against module
2015-Jan-12 17:15:33 INFO  Verify:14 - Executing Verify
2015-Jan-12 17:15:34 INFO  Verify:15 - Title Online Shopping India - Shop Online for Books, Mobile Phones, Digital Cameras, Watches & More at Flipkart.com
2015-Jan-12 17:15:37 INFO  Modules:62 - Writing status against module
2015-Jan-12 17:15:37 INFO  Modules:70 - 1 Execution Complete
2015-Jan-12 17:15:38 INFO  Modules:25 - Starting Execution of the test case -  2
2015-Jan-12 17:15:38 ERROR Modules:41 - TC Flow excel for test case 2 not found
2015-Jan-12 17:18:48 INFO  NewFile:49 - ################        Start of Suite run       ############
2015-Jan-12 17:18:48 INFO  NewFile:118 - Reading Driver Sheet
2015-Jan-12 17:18:48 INFO  Modules:25 - Starting Execution of the test case -  1
2015-Jan-12 17:18:52 INFO  Login:17 - Executing Login
2015-Jan-12 17:19:24 ERROR Login:34 - Email/Password combination is wrong.
2015-Jan-12 17:19:24 INFO  Modules:62 - Writing status against module
2015-Jan-12 17:19:24 INFO  Verify:14 - Executing Verify
2015-Jan-12 17:19:24 INFO  Verify:15 - Title Online Shopping India - Shop Online for Books, Mobile Phones, Digital Cameras, Watches & More at Flipkart.com
2015-Jan-12 17:19:27 INFO  Modules:62 - Writing status against module
2015-Jan-12 17:19:27 INFO  Modules:70 - 1 Execution Complete
2015-Jan-12 17:19:29 INFO  Modules:25 - Starting Execution of the test case -  2
2015-Jan-12 17:19:29 ERROR Modules:41 - TC Flow excel for test case 2 not found
2015-Jan-12 17:25:18 INFO  NewFile:49 - ################        Start of Suite run       ############
2015-Jan-12 17:25:18 INFO  NewFile:118 - Reading Driver Sheet
2015-Jan-12 17:25:18 INFO  Modules:25 - Starting Execution of the test case -  1
2015-Jan-12 17:25:22 INFO  Modules:70 - 1 Execution Complete
2015-Jan-12 17:25:24 INFO  Modules:25 - Starting Execution of the test case -  2
2015-Jan-12 17:25:24 ERROR Modules:41 - TC Flow excel for test case 2 not found
2015-Jan-12 17:27:47 INFO  NewFile:49 - ################        Start of Suite run       ############
2015-Jan-12 17:27:47 INFO  NewFile:118 - Reading Driver Sheet
2015-Jan-12 17:27:47 INFO  Modules:25 - Starting Execution of the test case -  1
2015-Jan-12 17:27:51 INFO  Login:17 - Executing Login
2015-Jan-12 17:28:20 ERROR Login:34 - Email/Password combination is wrong.
2015-Jan-12 17:28:20 INFO  Modules:62 - Writing status against module
2015-Jan-12 17:28:20 INFO  Verify:14 - Executing Verify
2015-Jan-12 17:28:20 INFO  Verify:15 - Title Online Shopping India - Shop Online for Books, Mobile Phones, Digital Cameras, Watches & More at Flipkart.com
2015-Jan-12 17:28:23 INFO  Modules:62 - Writing status against module
2015-Jan-12 17:28:23 INFO  Modules:70 - 1 Execution Complete
2015-Jan-12 17:28:25 INFO  Modules:25 - Starting Execution of the test case -  2
2015-Jan-12 17:28:25 ERROR Modules:41 - TC Flow excel for test case 2 not found
2015-Jan-12 17:30:52 INFO  NewFile:49 - ################        Start of Suite run       ############
2015-Jan-12 17:30:52 INFO  NewFile:118 - Reading Driver Sheet
2015-Jan-12 17:30:53 INFO  Modules:25 - Starting Execution of the test case -  1
2015-Jan-12 17:30:56 INFO  Login:17 - Executing Login
2015-Jan-12 17:31:25 ERROR Login:43 - Some error occured
2015-Jan-12 17:31:25 INFO  Verify:14 - Executing Verify
2015-Jan-12 17:31:25 INFO  Verify:15 - Title Flipkart.com: Login
2015-Jan-12 17:31:28 INFO  Modules:70 - 1 Execution Complete
2015-Jan-12 17:31:30 INFO  Modules:25 - Starting Execution of the test case -  2
2015-Jan-12 17:31:30 ERROR Modules:41 - TC Flow excel for test case 2 not found
2015-Jan-12 17:32:19 INFO  NewFile:49 - ################        Start of Suite run       ############
2015-Jan-12 17:32:19 INFO  NewFile:118 - Reading Driver Sheet
2015-Jan-12 17:32:19 INFO  Modules:25 - Starting Execution of the test case -  1
2015-Jan-12 17:32:22 INFO  Login:17 - Executing Login
2015-Jan-12 17:32:54 ERROR Login:34 - Email/Password combination is wrong.
2015-Jan-12 17:32:54 INFO  Modules:62 - Writing status against module
2015-Jan-12 17:32:54 INFO  Verify:14 - Executing Verify
2015-Jan-12 17:32:54 INFO  Verify:15 - Title Online Shopping India - Shop Online for Books, Mobile Phones, Digital Cameras, Watches & More at Flipkart.com
2015-Jan-12 17:32:57 INFO  Modules:62 - Writing status against module
2015-Jan-12 17:32:57 INFO  Modules:70 - 1 Execution Complete
2015-Jan-12 17:32:59 INFO  Modules:25 - Starting Execution of the test case -  2
2015-Jan-12 17:32:59 ERROR Modules:41 - TC Flow excel for test case 2 not found
2015-Jan-12 17:45:12 INFO  NewFile:50 - ################        Start of Suite run       ############
2015-Jan-12 17:45:12 INFO  NewFile:119 - Reading Driver Sheet
2015-Jan-12 17:45:12 INFO  Modules:25 - Starting Execution of the test case -  1
2015-Jan-12 17:45:16 INFO  Modules:70 - 1 Execution Complete
2015-Jan-12 17:45:17 INFO  Modules:25 - Starting Execution of the test case -  2
2015-Jan-12 17:45:17 ERROR Modules:41 - TC Flow excel for test case 2 not found
2015-Jan-12 17:46:26 INFO  NewFile:50 - ################        Start of Suite run       ############
2015-Jan-12 17:46:26 INFO  NewFile:119 - Reading Driver Sheet
2015-Jan-12 17:46:27 INFO  Modules:25 - Starting Execution of the test case -  1
2015-Jan-12 17:46:31 INFO  Login:17 - Executing Login
2015-Jan-12 17:48:47 ERROR Login:34 - Email/Password combination is wrong.
2015-Jan-12 17:48:47 INFO  Modules:62 - Writing status against module
2015-Jan-12 17:48:47 INFO  Verify:14 - Executing Verify
2015-Jan-12 17:48:47 INFO  Verify:15 - Title Online Shopping India - Shop Online for Books, Mobile Phones, Digital Cameras, Watches & More at Flipkart.com
2015-Jan-12 17:48:50 INFO  Modules:62 - Writing status against module
2015-Jan-12 17:48:50 INFO  Modules:70 - 1 Execution Complete
2015-Jan-12 17:48:52 INFO  Modules:25 - Starting Execution of the test case -  2
2015-Jan-12 17:48:52 ERROR Modules:41 - TC Flow excel for test case 2 not found
2015-Jan-13 11:56:57 INFO  NewFile:50 - ################        Start of Suite run       ############
2015-Jan-13 11:56:57 INFO  NewFile:119 - Reading Driver Sheet
2015-Jan-13 11:56:58 INFO  Modules:25 - Starting Execution of the test case -  1
2015-Jan-13 11:57:02 INFO  Login:17 - Executing Login
2015-Jan-13 11:57:17 ERROR Login:34 - Email/Password combination is wrong.
2015-Jan-13 11:57:18 INFO  Modules:62 - Writing status against module
2015-Jan-13 11:57:18 INFO  Verify:14 - Executing Verify
2015-Jan-13 11:57:18 INFO  Verify:15 - Title Online Shopping India - Shop Online for Books, Mobile Phones, Digital Cameras, Watches & More at Flipkart.com
2015-Jan-13 11:57:21 INFO  Modules:62 - Writing status against module
2015-Jan-13 11:57:21 INFO  Modules:70 - 1 Execution Complete
2015-Jan-13 11:57:22 INFO  Modules:25 - Starting Execution of the test case -  2
2015-Jan-13 11:57:22 ERROR Modules:41 - TC Flow excel for test case 2 not found
2015-Jan-13 13:28:19 INFO  NewFile:50 - ################        Start of Suite run       ############
2015-Jan-13 13:28:19 INFO  NewFile:119 - Reading Driver Sheet
2015-Jan-13 13:29:21 INFO  Modules:25 - Starting Execution of the test case -  1
2015-Jan-13 13:29:30 INFO  Login:17 - Executing Login
2015-Jan-13 13:29:44 ERROR Login:34 - Email/Password combination is wrong.
2015-Jan-13 13:31:26 INFO  Modules:62 - Writing status against module
2015-Jan-13 13:32:54 INFO  Verify:16 - Executing Verify
2015-Jan-13 13:32:54 INFO  Verify:17 - Title Online Shopping India - Shop Online for Books, Mobile Phones, Digital Cameras, Watches & More at Flipkart.com
2015-Jan-13 13:33:10 INFO  Modules:62 - Writing status against module
2015-Jan-13 13:33:14 INFO  Modules:70 - 1 Execution Complete
2015-Jan-13 13:33:23 INFO  NewFile:50 - ################        Start of Suite run       ############
2015-Jan-13 13:33:23 INFO  NewFile:119 - Reading Driver Sheet
2015-Jan-13 13:34:36 INFO  NewFile:50 - ################        Start of Suite run       ############
2015-Jan-13 13:34:36 INFO  NewFile:119 - Reading Driver Sheet
2015-Jan-13 13:34:36 INFO  Modules:25 - Starting Execution of the test case -  1
2015-Jan-13 13:37:25 INFO  NewFile:50 - ################        Start of Suite run       ############
2015-Jan-13 13:37:25 INFO  NewFile:119 - Reading Driver Sheet
2015-Jan-13 13:37:26 INFO  Modules:25 - Starting Execution of the test case -  1
2015-Jan-13 13:37:49 INFO  Login:17 - Executing Login
2015-Jan-13 13:38:05 ERROR Login:34 - Email/Password combination is wrong.
2015-Jan-13 13:38:23 INFO  Modules:62 - Writing status against module
2015-Jan-13 13:38:49 INFO  Verify:16 - Executing Verify
2015-Jan-13 13:38:49 INFO  Verify:17 - Title Online Shopping India - Shop Online for Books, Mobile Phones, Digital Cameras, Watches & More at Flipkart.com
2015-Jan-13 13:55:08 INFO  NewFile:50 - ################        Start of Suite run       ############
2015-Jan-13 13:55:08 INFO  NewFile:119 - Reading Driver Sheet
2015-Jan-13 13:55:09 INFO  Modules:25 - Starting Execution of the test case -  1
2015-Jan-13 13:55:12 INFO  Login:17 - Executing Login
2015-Jan-13 13:55:26 ERROR Login:34 - Email/Password combination is wrong.
2015-Jan-13 13:55:26 INFO  Modules:64 - Writing status against module
2015-Jan-13 13:55:26 INFO  Verify:16 - Executing Verify
2015-Jan-13 13:55:26 INFO  Verify:17 - Title Online Shopping India - Shop Online for Books, Mobile Phones, Digital Cameras, Watches & More at Flipkart.com
2015-Jan-13 13:55:29 INFO  Modules:72 - 1 Execution Complete
2015-Jan-13 13:55:30 INFO  Modules:25 - Starting Execution of the test case -  2
2015-Jan-13 13:55:30 ERROR Modules:41 - TC Flow excel for test case 2 not found
2015-Jan-13 13:56:53 INFO  NewFile:50 - ################        Start of Suite run       ############
2015-Jan-13 13:56:53 INFO  NewFile:119 - Reading Driver Sheet
2015-Jan-13 13:56:54 INFO  Modules:25 - Starting Execution of the test case -  1
2015-Jan-13 13:57:09 INFO  Login:17 - Executing Login
2015-Jan-13 13:57:22 ERROR Login:34 - Email/Password combination is wrong.
2015-Jan-13 13:59:24 INFO  NewFile:50 - ################        Start of Suite run       ############
2015-Jan-13 13:59:24 INFO  NewFile:119 - Reading Driver Sheet
2015-Jan-13 13:59:25 INFO  Modules:25 - Starting Execution of the test case -  1
2015-Jan-13 13:59:28 INFO  Login:17 - Executing Login
2015-Jan-13 13:59:41 ERROR Login:34 - Email/Password combination is wrong.
2015-Jan-13 13:59:41 INFO  Modules:65 - Writing status against module
2015-Jan-13 13:59:41 INFO  Verify:16 - Executing Verify
2015-Jan-13 13:59:41 INFO  Verify:17 - Title Online Shopping India - Shop Online for Books, Mobile Phones, Digital Cameras, Watches & More at Flipkart.com
2015-Jan-13 13:59:44 INFO  Modules:73 - 1 Execution Complete
2015-Jan-13 13:59:46 INFO  Modules:25 - Starting Execution of the test case -  2
2015-Jan-13 13:59:46 ERROR Modules:41 - TC Flow excel for test case 2 not found
2015-Jan-13 14:00:07 INFO  NewFile:50 - ################        Start of Suite run       ############
2015-Jan-13 14:00:07 INFO  NewFile:119 - Reading Driver Sheet
2015-Jan-13 14:00:07 INFO  Modules:25 - Starting Execution of the test case -  1
2015-Jan-13 14:00:11 INFO  Login:17 - Executing Login
2015-Jan-13 14:00:28 ERROR Login:34 - Email/Password combination is wrong.
2015-Jan-13 14:00:28 INFO  Modules:65 - Writing status against module
2015-Jan-13 14:00:28 INFO  Verify:16 - Executing Verify
2015-Jan-13 14:00:28 INFO  Verify:17 - Title Online Shopping India - Shop Online for Books, Mobile Phones, Digital Cameras, Watches & More at Flipkart.com
2015-Jan-13 14:00:31 INFO  Modules:73 - 1 Execution Complete
2015-Jan-13 14:00:32 INFO  Modules:25 - Starting Execution of the test case -  2
2015-Jan-13 14:00:32 ERROR Modules:41 - TC Flow excel for test case 2 not found
2015-Jan-14 11:11:22 INFO  NewFile:50 - ################        Start of Suite run       ############
2015-Jan-14 11:11:22 INFO  NewFile:119 - Reading Driver Sheet
2015-Jan-14 11:11:22 INFO  Modules:25 - Starting Execution of the test case -  1
2015-Jan-14 11:11:23 INFO  NewFile:50 - ################        Start of Suite run       ############
2015-Jan-14 11:11:23 INFO  NewFile:119 - Reading Driver Sheet
2015-Jan-14 11:11:24 INFO  Modules:25 - Starting Execution of the test case -  1
2015-Jan-14 11:11:28 INFO  Login:17 - Executing Login
2015-Jan-14 11:11:43 ERROR Login:35 - Email/Password combination is wrong.
2015-Jan-14 11:11:43 INFO  Modules:75 - Writing status against module
2015-Jan-14 11:11:43 INFO  Verify:17 - Executing Verify
2015-Jan-14 11:11:43 INFO  Verify:18 - Title Online Shopping India - Shop Online for Books, Mobile Phones, Digital Cameras, Watches & More at Flipkart.com
2015-Jan-14 11:11:43 INFO  Login:17 - Executing Login
2015-Jan-14 11:11:46 INFO  Modules:68 - 1 Execution Complete
2015-Jan-14 11:11:47 INFO  Modules:25 - Starting Execution of the test case -  2
2015-Jan-14 11:11:47 ERROR Modules:41 - TC Flow excel for test case 2 not found
2015-Jan-14 11:11:56 ERROR Login:35 - Email/Password combination is wrong.
2015-Jan-14 11:11:56 INFO  Modules:75 - Writing status against module
2015-Jan-14 13:57:29 INFO  NewFile:27 - ################        Start of Suite run       ############
2015-Jan-14 13:57:29 INFO  NewFile:71 - Reading Driver Sheet
2015-Jan-14 13:57:29 INFO  Modules:28 - Starting Execution of the test case -  1
2015-Jan-14 13:57:33 INFO  Login:17 - Executing Login
2015-Jan-14 13:57:47 ERROR Login:35 - Email/Password combination is wrong.
2015-Jan-14 13:57:47 INFO  Modules:82 - Writing status against module
2015-Jan-14 13:57:47 INFO  Verify:17 - Executing Verify
2015-Jan-14 13:57:47 INFO  Verify:18 - Title Online Shopping India - Shop Online for Books, Mobile Phones, Digital Cameras, Watches & More at Flipkart.com
2015-Jan-14 13:57:52 INFO  Modules:72 -  Execution Complete for Test Case  - 1
2015-Jan-14 13:57:52 INFO  Modules:28 - Starting Execution of the test case -  2
2015-Jan-14 13:57:52 ERROR Modules:44 - TC Flow excel for test case 2 not found
